This is pdfTeX, Version 3.14159265-2.6-1.40.17 (TeX Live 2016/W32TeX) (preloaded format=pdflatex 2017.3.5)  17 APR 2017 02:05
entering extended mode
 restricted \write18 enabled.
 %&-line parsing enabled.
**./settings.tex
(./settings.tex
LaTeX2e <2017/01/01> patch level 3
Babel <3.9r> and hyphenation patterns for 83 language(s) loaded.
(c:/texlive/2016/texmf-dist/tex/latex/extsizes/extarticle.cls
Document Class: extarticle 1996/10/08 v1.0 Non Standard LaTeX document class
(c:/texlive/2016/texmf-dist/tex/latex/base/size12.clo
File: size12.clo 2014/09/29 v1.4h Standard LaTeX file (size option)
)
(c:/texlive/2016/texmf-dist/tex/latex/base/exscale.sty
Package: exscale 2014/09/29 v2.1h Standard LaTeX package exscale
LaTeX Font Info:    Redeclaring symbol font `largesymbols' on input line 57.
LaTeX Font Info:    Overwriting symbol font `largesymbols' in version `normal'
(Font)                  OMX/cmex/m/n --> OMX/cmex/m/n on input line 57.
LaTeX Font Info:    Overwriting symbol font `largesymbols' in version `bold'
(Font)                  OMX/cmex/m/n --> OMX/cmex/m/n on input line 57.
\big@size=\dimen102
)
\c@part=\count79
\c@section=\count80
\c@subsection=\count81
\c@subsubsection=\count82
\c@paragraph=\count83
\c@subparagraph=\count84
\c@figure=\count85
\c@table=\count86
\abovecaptionskip=\skip41
\belowcaptionskip=\skip42
\bibindent=\dimen103
)
(c:/texlive/2016/texmf-dist/tex/latex/base/inputenc.sty
Package: inputenc 2015/03/17 v1.2c Input encoding file
\inpenc@prehook=\toks14
\inpenc@posthook=\toks15

(c:/texlive/2016/texmf-dist/tex/latex/ucs/utf8x.def
File: utf8x.def 2004/10/17 UCS: Input encoding UTF-8
))
(c:/texlive/2016/texmf-dist/tex/latex/ucs/ucs.sty
Package: ucs 2013/05/11 v2.2 UCS: Unicode input support

(c:/texlive/2016/texmf-dist/tex/latex/ucs/data/uni-global.def
File: uni-global.def 2013/05/13 UCS: Unicode global data
)
\uc@secondtry=\count87
\uc@combtoks=\toks16
\uc@combtoksb=\toks17
\uc@temptokena=\toks18
)
(c:/texlive/2016/texmf-dist/tex/latex/base/fontenc.sty
Package: fontenc 2017/02/22 v2.0g Standard LaTeX package

(c:/texlive/2016/texmf-dist/tex/latex/base/t1enc.def
File: t1enc.def 2017/02/22 v2.0g Standard LaTeX file
LaTeX Font Info:    Redeclaring font encoding T1 on input line 48.
)
(c:/texlive/2016/texmf-dist/tex/latex/cyrillic/t2aenc.def
File: t2aenc.def 2005/09/27 v1.0i Cyrillic encoding definition file
)
LaTeX Font Info:    Try loading font information for T2A+cmr on input line 105.


(c:/texlive/2016/texmf-dist/tex/latex/cyrillic/t2acmr.fd
File: t2acmr.fd 2001/08/11 v1.0a Computer Modern Cyrillic font definitions
))
(c:/texlive/2016/texmf-dist/tex/generic/babel/babel.sty
Package: babel 2016/04/23 3.9r The Babel package

(c:/texlive/2016/texmf-dist/tex/generic/babel-russian/russianb.ldf
Language: russianb 2017/01/12 1.3i Russian support for the Babel system

(c:/texlive/2016/texmf-dist/tex/generic/babel/babel.def
File: babel.def 2016/04/23 3.9r Babel common definitions
\babel@savecnt=\count88
\U@D=\dimen104
)
Package babel Info: Making " an active character on input line 111.
))
(c:/texlive/2016/texmf-dist/tex/latex/hyperref/hyperref.sty
Package: hyperref 2016/06/24 v6.83q Hypertext links for LaTeX

(c:/texlive/2016/texmf-dist/tex/generic/oberdiek/hobsub-hyperref.sty
Package: hobsub-hyperref 2016/05/16 v1.14 Bundle oberdiek, subset hyperref (HO)


(c:/texlive/2016/texmf-dist/tex/generic/oberdiek/hobsub-generic.sty
Package: hobsub-generic 2016/05/16 v1.14 Bundle oberdiek, subset generic (HO)
Package: hobsub 2016/05/16 v1.14 Construct package bundles (HO)
Package: infwarerr 2016/05/16 v1.4 Providing info/warning/error messages (HO)
Package: ltxcmds 2016/05/16 v1.23 LaTeX kernel commands for general use (HO)
Package: ifluatex 2016/05/16 v1.4 Provides the ifluatex switch (HO)
Package ifluatex Info: LuaTeX not detected.
Package: ifvtex 2016/05/16 v1.6 Detect VTeX and its facilities (HO)
Package ifvtex Info: VTeX not detected.
Package: intcalc 2016/05/16 v1.2 Expandable calculations with integers (HO)
Package: ifpdf 2016/05/14 v3.1 Provides the ifpdf switch
Package: etexcmds 2016/05/16 v1.6 Avoid name clashes with e-TeX commands (HO)
Package etexcmds Info: Could not find \expanded.
(etexcmds)             That can mean that you are not using pdfTeX 1.50 or
(etexcmds)             that some package has redefined \expanded.
(etexcmds)             In the latter case, load this package earlier.
Package: kvsetkeys 2016/05/16 v1.17 Key value parser (HO)
Package: kvdefinekeys 2016/05/16 v1.4 Define keys (HO)
Package: pdftexcmds 2016/05/21 v0.22 Utility functions of pdfTeX for LuaTeX (HO
)
Package pdftexcmds Info: LuaTeX not detected.
Package pdftexcmds Info: \pdf@primitive is available.
Package pdftexcmds Info: \pdf@ifprimitive is available.
Package pdftexcmds Info: \pdfdraftmode found.
Package: pdfescape 2016/05/16 v1.14 Implements pdfTeX's escape features (HO)
Package: bigintcalc 2016/05/16 v1.4 Expandable calculations on big integers (HO
)
Package: bitset 2016/05/16 v1.2 Handle bit-vector datatype (HO)
Package: uniquecounter 2016/05/16 v1.3 Provide unlimited unique counter (HO)
)
Package hobsub Info: Skipping package `hobsub' (already loaded).
Package: letltxmacro 2016/05/16 v1.5 Let assignment for LaTeX macros (HO)
Package: hopatch 2016/05/16 v1.3 Wrapper for package hooks (HO)
Package: xcolor-patch 2016/05/16 xcolor patch
Package: atveryend 2016/05/16 v1.9 Hooks at the very end of document (HO)
Package atveryend Info: \enddocument detected (standard20110627).
Package: atbegshi 2016/06/09 v1.18 At begin shipout hook (HO)
Package: refcount 2016/05/16 v3.5 Data extraction from label references (HO)
Package: hycolor 2016/05/16 v1.8 Color options for hyperref/bookmark (HO)
)
(c:/texlive/2016/texmf-dist/tex/latex/graphics/keyval.sty
Package: keyval 2014/10/28 v1.15 key=value parser (DPC)
\KV@toks@=\toks19
)
(c:/texlive/2016/texmf-dist/tex/generic/ifxetex/ifxetex.sty
Package: ifxetex 2010/09/12 v0.6 Provides ifxetex conditional
)
(c:/texlive/2016/texmf-dist/tex/latex/oberdiek/auxhook.sty
Package: auxhook 2016/05/16 v1.4 Hooks for auxiliary files (HO)
)
(c:/texlive/2016/texmf-dist/tex/latex/oberdiek/kvoptions.sty
Package: kvoptions 2016/05/16 v3.12 Key value format for package options (HO)
)
\@linkdim=\dimen105
\Hy@linkcounter=\count89
\Hy@pagecounter=\count90

(c:/texlive/2016/texmf-dist/tex/latex/hyperref/pd1enc.def
File: pd1enc.def 2016/06/24 v6.83q Hyperref: PDFDocEncoding definition (HO)
)
\Hy@SavedSpaceFactor=\count91
Package hyperref Info: Option `unicode' set `true' on input line 3453.

(c:/texlive/2016/texmf-dist/tex/latex/hyperref/puenc.def
File: puenc.def 2016/06/24 v6.83q Hyperref: PDF Unicode definition (HO)
)
(c:/texlive/2016/texmf-dist/tex/latex/latexconfig/hyperref.cfg
File: hyperref.cfg 2002/06/06 v1.2 hyperref configuration of TeXLive
)
Package hyperref Info: Hyper figures OFF on input line 4486.
Package hyperref Info: Link nesting OFF on input line 4491.
Package hyperref Info: Hyper index ON on input line 4494.
Package hyperref Info: Plain pages OFF on input line 4501.
Package hyperref Info: Backreferencing OFF on input line 4506.
Package hyperref Info: Implicit mode ON; LaTeX internals redefined.
Package hyperref Info: Bookmarks ON on input line 4735.
\c@Hy@tempcnt=\count92

(c:/texlive/2016/texmf-dist/tex/latex/url/url.sty
\Urlmuskip=\muskip10
Package: url 2013/09/16  ver 3.4  Verb mode for urls, etc.
)
LaTeX Info: Redefining \url on input line 5088.
\XeTeXLinkMargin=\dimen106
\Fld@menulength=\count93
\Field@Width=\dimen107
\Fld@charsize=\dimen108
Package hyperref Info: Hyper figures OFF on input line 6342.
Package hyperref Info: Link nesting OFF on input line 6347.
Package hyperref Info: Hyper index ON on input line 6350.
Package hyperref Info: backreferencing OFF on input line 6357.
Package hyperref Info: Link coloring OFF on input line 6362.
Package hyperref Info: Link coloring with OCG OFF on input line 6367.
Package hyperref Info: PDF/A mode OFF on input line 6372.
LaTeX Info: Redefining \ref on input line 6412.
LaTeX Info: Redefining \pageref on input line 6416.
\Hy@abspage=\count94
\c@Item=\count95
\c@Hfootnote=\count96
)

Package hyperref Message: Driver (autodetected): hpdftex.

(c:/texlive/2016/texmf-dist/tex/latex/hyperref/hpdftex.def
File: hpdftex.def 2016/06/24 v6.83q Hyperref driver for pdfTeX
\Fld@listcount=\count97
\c@bookmark@seq@number=\count98

(c:/texlive/2016/texmf-dist/tex/latex/oberdiek/rerunfilecheck.sty
Package: rerunfilecheck 2016/05/16 v1.8 Rerun checks for auxiliary files (HO)
Package uniquecounter Info: New unique counter `rerunfilecheck' on input line 2
82.
)
\Hy@SectionHShift=\skip43
)
(c:/texlive/2016/texmf-dist/tex/latex/tools/indentfirst.sty
Package: indentfirst 1995/11/23 v1.03 Indent first paragraph (DPC)
)
(c:/texlive/2016/texmf-dist/tex/latex/listings/listings.sty
\lst@mode=\count99
\lst@gtempboxa=\box26
\lst@token=\toks20
\lst@length=\count100
\lst@currlwidth=\dimen109
\lst@column=\count101
\lst@pos=\count102
\lst@lostspace=\dimen110
\lst@width=\dimen111
\lst@newlines=\count103
\lst@lineno=\count104
\lst@maxwidth=\dimen112

(c:/texlive/2016/texmf-dist/tex/latex/listings/lstmisc.sty
File: lstmisc.sty 2015/06/04 1.6 (Carsten Heinz)
\c@lstnumber=\count105
\lst@skipnumbers=\count106
\lst@framebox=\box27
)
(c:/texlive/2016/texmf-dist/tex/latex/listings/listings.cfg
File: listings.cfg 2015/06/04 1.6 listings configuration
))
Package: listings 2015/06/04 1.6 (Carsten Heinz)

(c:/texlive/2016/texmf-dist/tex/latex/graphics/color.sty
Package: color 2016/07/10 v1.1e Standard LaTeX Color (DPC)

(c:/texlive/2016/texmf-dist/tex/latex/graphics-cfg/color.cfg
File: color.cfg 2016/01/02 v1.6 sample color configuration
)
Package color Info: Driver file: pdftex.def on input line 147.

(c:/texlive/2016/texmf-dist/tex/latex/graphics-def/pdftex.def
File: pdftex.def 2017/01/12 v0.06k Graphics/color for pdfTeX
\Gread@gobject=\count107
))
(c:/texlive/2016/texmf-dist/tex/latex/here/here.sty)
(c:/texlive/2016/texmf-dist/tex/latex/float/float.sty
Package: float 2001/11/08 v1.3d Float enhancements (AL)
\c@float@type=\count108
\float@exts=\toks21
\float@box=\box28
\@float@everytoks=\toks22
\@floatcapt=\box29
)
(c:/texlive/2016/texmf-dist/tex/latex/tools/array.sty
Package: array 2016/10/06 v2.4d Tabular extension package (FMi)
\col@sep=\dimen113
\extrarowheight=\dimen114
\NC@list=\toks23
\extratabsurround=\skip44
\backup@length=\skip45
)
(c:/texlive/2016/texmf-dist/tex/latex/multirow/multirow.sty
Package: multirow 2016/11/25 v2.2 Span multiple rows of a table
\multirow@colwidth=\skip46
\multirow@cntb=\count109
\multirow@dima=\skip47
\bigstrutjot=\dimen115
)
(c:/texlive/2016/texmf-dist/tex/latex/graphics/graphicx.sty
Package: graphicx 2014/10/28 v1.0g Enhanced LaTeX Graphics (DPC,SPQR)

(c:/texlive/2016/texmf-dist/tex/latex/graphics/graphics.sty
Package: graphics 2016/10/09 v1.0u Standard LaTeX Graphics (DPC,SPQR)

(c:/texlive/2016/texmf-dist/tex/latex/graphics/trig.sty
Package: trig 2016/01/03 v1.10 sin cos tan (DPC)
)
(c:/texlive/2016/texmf-dist/tex/latex/graphics-cfg/graphics.cfg
File: graphics.cfg 2016/06/04 v1.11 sample graphics configuration
)
Package graphics Info: Driver file: pdftex.def on input line 99.
)
\Gin@req@height=\dimen116
\Gin@req@width=\dimen117
)
(c:/texlive/2016/texmf-dist/tex/latex/amsmath/amsmath.sty
Package: amsmath 2016/11/05 v2.16a AMS math features
\@mathmargin=\skip48

For additional information on amsmath, use the `?' option.
(c:/texlive/2016/texmf-dist/tex/latex/amsmath/amstext.sty
Package: amstext 2000/06/29 v2.01 AMS text

(c:/texlive/2016/texmf-dist/tex/latex/amsmath/amsgen.sty
File: amsgen.sty 1999/11/30 v2.0 generic functions
\@emptytoks=\toks24
\ex@=\dimen118
))
(c:/texlive/2016/texmf-dist/tex/latex/amsmath/amsbsy.sty
Package: amsbsy 1999/11/29 v1.2d Bold Symbols
\pmbraise@=\dimen119
)
(c:/texlive/2016/texmf-dist/tex/latex/amsmath/amsopn.sty
Package: amsopn 2016/03/08 v2.02 operator names
)
\inf@bad=\count110
LaTeX Info: Redefining \frac on input line 213.
\uproot@=\count111
\leftroot@=\count112
LaTeX Info: Redefining \overline on input line 375.
\classnum@=\count113
\DOTSCASE@=\count114
LaTeX Info: Redefining \ldots on input line 472.
LaTeX Info: Redefining \dots on input line 475.
LaTeX Info: Redefining \cdots on input line 596.
\Mathstrutbox@=\box30
\strutbox@=\box31
\big@size=\dimen120
LaTeX Font Info:    Redeclaring font encoding OML on input line 712.
LaTeX Font Info:    Redeclaring font encoding OMS on input line 713.
\macc@depth=\count115
\c@MaxMatrixCols=\count116
\dotsspace@=\muskip11
\c@parentequation=\count117
\dspbrk@lvl=\count118
\tag@help=\toks25
\row@=\count119
\column@=\count120
\maxfields@=\count121
\andhelp@=\toks26
\eqnshift@=\dimen121
\alignsep@=\dimen122
\tagshift@=\dimen123
\tagwidth@=\dimen124
\totwidth@=\dimen125
\lineht@=\dimen126
\@envbody=\toks27
\multlinegap=\skip49
\multlinetaggap=\skip50
\mathdisplay@stack=\toks28
LaTeX Info: Redefining \[ on input line 2817.
LaTeX Info: Redefining \] on input line 2818.
)
(c:/texlive/2016/texmf-dist/tex/latex/amsfonts/amssymb.sty
Package: amssymb 2013/01/14 v3.01 AMS font symbols

(c:/texlive/2016/texmf-dist/tex/latex/amsfonts/amsfonts.sty
Package: amsfonts 2013/01/14 v3.01 Basic AMSFonts support
\symAMSa=\mathgroup4
\symAMSb=\mathgroup5
LaTeX Font Info:    Overwriting math alphabet `\mathfrak' in version `bold'
(Font)                  U/euf/m/n --> U/euf/b/n on input line 106.
))
(c:/texlive/2016/texmf-dist/tex/latex/base/makeidx.sty
Package: makeidx 2014/09/29 v1.0m Standard LaTeX package
)
(c:/texlive/2016/texmf-dist/tex/latex/caption/caption.sty
Package: caption 2016/02/21 v3.3-144 Customizing captions (AR)

(c:/texlive/2016/texmf-dist/tex/latex/caption/caption3.sty
Package: caption3 2016/05/22 v1.7-166 caption3 kernel (AR)
Package caption3 Info: TeX engine: e-TeX on input line 67.
\captionmargin=\dimen127
\captionmargin@=\dimen128
\captionwidth=\dimen129
\caption@tempdima=\dimen130
\caption@indent=\dimen131
\caption@parindent=\dimen132
\caption@hangindent=\dimen133
)
\c@ContinuedFloat=\count122
Package caption Info: float package is loaded.
Package caption Info: hyperref package is loaded.
Package caption Info: listings package is loaded.
)
(c:/texlive/2016/texmf-dist/tex/latex/listings/lstlang1.sty
File: lstlang1.sty 2015/06/04 1.6 listings language file
)
(c:/texlive/2016/texmf-dist/tex/latex/listings/lstmisc.sty
File: lstmisc.sty 2015/06/04 1.6 (Carsten Heinz)
)
(c:/texlive/2016/texmf-dist/tex/latex/geometry/geometry.sty
Package: geometry 2010/09/12 v5.6 Page Geometry
\Gm@cnth=\count123
\Gm@cntv=\count124
\c@Gm@tempcnt=\count125
\Gm@bindingoffset=\dimen134
\Gm@wd@mp=\dimen135
\Gm@odd@mp=\dimen136
\Gm@even@mp=\dimen137
\Gm@layoutwidth=\dimen138
\Gm@layoutheight=\dimen139
\Gm@layouthoffset=\dimen140
\Gm@layoutvoffset=\dimen141
\Gm@dimlist=\toks29
)
(c:/texlive/2016/texmf-dist/tex/latex/chngcntr/chngcntr.sty
Package: chngcntr 2009/09/02 v1.0a change counter resetting
)
(c:/texlive/2016/texmf-dist/tex/latex/titlesec/titlesec.sty
Package: titlesec 2016/03/21 v2.10.2 Sectioning titles
\ttl@box=\box32
\beforetitleunit=\skip51
\aftertitleunit=\skip52
\ttl@plus=\dimen142
\ttl@minus=\dimen143
\ttl@toksa=\toks30
\titlewidth=\dimen144
\titlewidthlast=\dimen145
\titlewidthfirst=\dimen146
)
(c:/texlive/2016/texmf-dist/tex/latex/titlesec/titletoc.sty
Package: titletoc 2011/12/15 v1.6 TOC entries
\ttl@leftsep=\dimen147
))
! Emergency stop.
<*> ./settings.tex
                  
*** (job aborted, no legal \end found)

 
Here is how much of TeX's memory you used:
 12876 strings out of 493013
 185180 string characters out of 6136994
 287408 words of memory out of 5000000
 16319 multiletter control sequences out of 15000+600000
 4740 words of font info for 16 fonts, out of 8000000 for 9000
 1141 hyphenation exceptions out of 8191
 36i,0n,49p,338b,220s stack positions out of 5000i,500n,10000p,200000b,80000s
!  ==> Fatal error occurred, no output PDF file produced!
